TN:
SF:src\controllers\itr.controller.js
FN:4,(anonymous_0)
FN:8,(anonymous_1)
FNF:2
FNH:2
FNDA:3,(anonymous_0)
FNDA:3,(anonymous_1)
DA:1,1
DA:2,1
DA:4,1
DA:6,3
DA:8,3
DA:9,3
DA:10,3
DA:15,3
DA:20,1
LF:9
LH:9
BRF:0
BRH:0
end_of_record
TN:
SF:src\repositories\mongoose\itr.repository.js
FN:5,(anonymous_0)
FN:12,(anonymous_1)
FN:17,(anonymous_2)
FNF:3
FNH:3
FNDA:1,(anonymous_0)
FNDA:2,(anonymous_1)
FNDA:2,(anonymous_2)
DA:1,1
DA:6,1
DA:7,1
DA:13,2
DA:18,2
DA:19,2
DA:20,1
DA:21,1
DA:25,1
DA:27,1
LF:10
LH:10
BRDA:19,0,0,1
BRDA:19,0,1,1
BRF:2
BRH:2
end_of_record
TN:
SF:src\repositories\mongoose\models\itr.model.js
FNF:0
FNH:0
DA:1,1
DA:3,1
DA:10,1
DA:11,1
LF:4
LH:4
BRF:0
BRH:0
end_of_record
TN:
SF:src\services\itr.service.js
FN:4,(anonymous_0)
FN:8,(anonymous_1)
FNF:2
FNH:2
FNDA:3,(anonymous_0)
FNDA:3,(anonymous_1)
DA:1,1
DA:5,3
DA:9,3
DA:10,3
DA:11,2
DA:12,2
DA:16,1
DA:18,1
LF:8
LH:8
BRDA:10,0,0,1
BRDA:10,0,1,2
BRF:2
BRH:2
end_of_record
