TN:
SF:src\controllers\cibil.controller.js
FN:4,(anonymous_0)
FN:8,(anonymous_1)
FN:10,(anonymous_2)
FNF:3
FNH:3
FNDA:8,(anonymous_0)
FNDA:3,(anonymous_1)
FNDA:3,(anonymous_2)
DA:1,1
DA:4,1
DA:6,8
DA:8,8
DA:10,8
DA:13,8
DA:19,1
LF:7
LH:7
BRF:0
BRH:0
end_of_record
TN:
SF:src\repositories\mongoose\cibil.repository.js
FN:4,(anonymous_0)
FNF:1
FNH:1
FNDA:2,(anonymous_0)
DA:1,1
DA:5,2
DA:6,2
DA:12,1
DA:14,1
LF:5
LH:5
BRF:0
BRH:0
end_of_record
TN:
SF:src\services\cibil.service.js
FN:4,(anonymous_0)
FN:8,(anonymous_1)
FN:17,(anonymous_2)
FNF:3
FNH:3
FNDA:8,(anonymous_0)
FNDA:2,(anonymous_1)
FNDA:6,(anonymous_2)
DA:1,1
DA:5,8
DA:9,2
DA:10,1
DA:12,1
DA:13,1
DA:18,6
DA:19,1
DA:21,5
DA:22,1
DA:25,4
DA:26,4
DA:27,1
DA:31,3
DA:32,3
DA:33,1
DA:34,2
DA:35,1
DA:36,1
DA:37,1
DA:40,3
DA:41,3
DA:43,3
DA:49,1
DA:51,1
LF:25
LH:25
BRDA:9,0,0,1
BRDA:9,0,1,1
BRDA:18,1,0,1
BRDA:18,1,1,5
BRDA:21,2,0,1
BRDA:21,2,1,4
BRDA:26,3,0,1
BRDA:26,3,1,3
BRDA:32,4,0,1
BRDA:32,4,1,2
BRDA:32,5,0,3
BRDA:32,5,1,3
BRDA:34,6,0,1
BRDA:34,6,1,1
BRDA:34,7,0,2
BRDA:34,7,1,2
BRDA:36,8,0,1
BRDA:36,8,1,0
BRF:18
BRH:17
end_of_record
