TN:
SF:src\controllers\user.controller.js
FN:9,(anonymous_0)
FN:14,(anonymous_1)
FN:16,(anonymous_2)
FN:18,(anonymous_3)
FN:19,(anonymous_4)
FN:21,(anonymous_5)
FN:28,(anonymous_6)
FN:30,(anonymous_7)
FN:31,(anonymous_8)
FN:32,(anonymous_9)
FN:33,(anonymous_10)
FN:38,(anonymous_11)
FN:39,(anonymous_12)
FN:42,(anonymous_13)
FNF:14
FNH:14
FNDA:14,(anonymous_0)
FNDA:1,(anonymous_1)
FNDA:1,(anonymous_2)
FNDA:1,(anonymous_3)
FNDA:1,(anonymous_4)
FNDA:2,(anonymous_5)
FNDA:1,(anonymous_6)
FNDA:1,(anonymous_7)
FNDA:1,(anonymous_8)
FNDA:1,(anonymous_9)
FNDA:1,(anonymous_10)
FNDA:1,(anonymous_11)
FNDA:1,(anonymous_12)
FNDA:1,(anonymous_13)
DA:1,1
DA:2,1
DA:3,1
DA:5,1
DA:6,1
DA:9,1
DA:11,14
DA:12,14
DA:14,14
DA:16,14
DA:18,14
DA:19,14
DA:21,14
DA:23,2
DA:24,1
DA:25,1
DA:28,14
DA:30,14
DA:31,14
DA:32,14
DA:33,14
DA:34,1
DA:35,1
DA:36,1
DA:38,14
DA:39,14
DA:40,1
DA:42,14
DA:43,1
DA:45,14
DA:62,1
LF:31
LH:31
BRF:0
BRH:0
end_of_record
TN:
SF:src\repositories\mongoose\user.repository.js
FN:4,(anonymous_0)
FN:7,(anonymous_1)
FN:13,(anonymous_2)
FNF:3
FNH:3
FNDA:9,(anonymous_0)
FNDA:2,(anonymous_1)
FNDA:2,(anonymous_2)
DA:1,1
DA:2,1
DA:5,9
DA:8,2
DA:9,2
DA:10,1
DA:11,1
DA:14,2
DA:18,1
DA:20,1
LF:10
LH:10
BRDA:9,0,0,1
BRDA:9,0,1,1
BRF:2
BRH:2
end_of_record
TN:
SF:src\repositories\mongoose\models\user.model.js
FN:11,(anonymous_0)
FN:24,(anonymous_1)
FN:35,(anonymous_2)
FN:58,(anonymous_3)
FN:74,(anonymous_4)
FNF:5
FNH:5
FNDA:26,(anonymous_0)
FNDA:29,(anonymous_1)
FNDA:27,(anonymous_2)
FNDA:29,(anonymous_3)
FNDA:28,(anonymous_4)
DA:1,1
DA:3,1
DA:12,26
DA:25,29
DA:36,27
DA:59,29
DA:75,28
DA:89,1
DA:91,1
LF:9
LH:9
BRDA:59,0,0,29
BRDA:59,0,1,2
BRF:2
BRH:2
end_of_record
TN:
SF:src\services\user.service.js
FN:5,(anonymous_0)
FN:9,(anonymous_1)
FN:14,(anonymous_2)
FN:26,(anonymous_3)
FN:36,(anonymous_4)
FN:51,(anonymous_5)
FN:65,(anonymous_6)
FN:70,(anonymous_7)
FN:76,(anonymous_8)
FN:82,(anonymous_9)
FN:90,(anonymous_10)
FN:99,(anonymous_11)
FN:114,(anonymous_12)
FN:134,(anonymous_13)
FN:143,(anonymous_14)
FN:171,(anonymous_15)
FN:193,(anonymous_16)
FN:197,(anonymous_17)
FN:219,(anonymous_18)
FNF:19
FNH:12
FNDA:15,(anonymous_0)
FNDA:1,(anonymous_1)
FNDA:4,(anonymous_2)
FNDA:1,(anonymous_3)
FNDA:2,(anonymous_4)
FNDA:4,(anonymous_5)
FNDA:0,(anonymous_6)
FNDA:0,(anonymous_7)
FNDA:0,(anonymous_8)
FNDA:0,(anonymous_9)
FNDA:0,(anonymous_10)
FNDA:2,(anonymous_11)
FNDA:2,(anonymous_12)
FNDA:1,(anonymous_13)
FNDA:2,(anonymous_14)
FNDA:0,(anonymous_15)
FNDA:0,(anonymous_16)
FNDA:1,(anonymous_17)
FNDA:2,(anonymous_18)
DA:1,1
DA:2,1
DA:3,1
DA:6,15
DA:10,1
DA:11,1
DA:15,4
DA:27,1
DA:30,1
DA:32,1
DA:33,1
DA:38,2
DA:40,2
DA:41,3
DA:42,3
DA:43,3
DA:46,2
DA:52,4
DA:53,4
DA:54,3
DA:55,3
DA:56,1
DA:57,2
DA:58,1
DA:59,1
DA:62,1
DA:66,0
DA:67,0
DA:71,0
DA:72,0
DA:73,0
DA:77,0
DA:78,0
DA:79,0
DA:84,0
DA:92,0
DA:102,2
DA:104,2
DA:105,2
DA:106,1
DA:107,2
DA:109,1
DA:111,1
DA:115,2
DA:117,2
DA:118,2
DA:119,1
DA:123,1
DA:126,1
DA:129,1
DA:130,1
DA:131,1
DA:134,1
DA:137,1
DA:139,1
DA:144,2
DA:146,2
DA:147,2
DA:148,2
DA:149,2
DA:150,0
DA:154,2
DA:155,1
DA:159,1
DA:160,1
DA:161,0
DA:165,1
DA:167,1
DA:172,0
DA:174,0
DA:177,0
DA:180,0
DA:183,0
DA:184,0
DA:185,0
DA:186,0
DA:188,0
DA:190,0
DA:194,0
DA:198,1
DA:199,1
DA:207,1
DA:215,0
DA:216,0
DA:220,2
DA:221,2
DA:222,2
DA:223,1
DA:226,1
DA:227,1
DA:228,1
DA:229,1
DA:231,1
DA:232,1
DA:237,1
DA:239,1
LF:96
LH:71
BRDA:43,0,0,2
BRDA:43,0,1,1
BRDA:53,1,0,1
BRDA:53,1,1,3
BRDA:55,2,0,1
BRDA:55,2,1,2
BRDA:57,3,0,1
BRDA:57,3,1,1
BRDA:105,4,0,1
BRDA:105,4,1,1
BRDA:107,5,0,1
BRDA:107,5,1,1
BRDA:118,6,0,1
BRDA:118,6,1,1
BRDA:139,7,0,1
BRDA:139,7,1,0
BRDA:149,8,0,0
BRDA:149,8,1,2
BRDA:154,9,0,1
BRDA:154,9,1,1
BRDA:160,10,0,0
BRDA:160,10,1,1
BRDA:167,11,0,1
BRDA:167,11,1,0
BRDA:190,12,0,0
BRDA:190,12,1,0
BRDA:222,13,0,1
BRDA:222,13,1,1
BRF:28
BRH:22
end_of_record
